mode: set
formal/first_practic/automata/automata.go:24.28,27.25 3 1
formal/first_practic/automata/automata.go:27.25,28.35 1 1
formal/first_practic/automata/automata.go:28.35,29.31 1 1
formal/first_practic/automata/automata.go:29.31,32.5 2 1
formal/first_practic/automata/automata.go:37.65,40.39 2 1
formal/first_practic/automata/automata.go:40.39,41.34 1 1
formal/first_practic/automata/automata.go:41.34,43.11 2 1
formal/first_practic/automata/automata.go:43.11,45.5 1 1
formal/first_practic/automata/automata.go:50.53,51.19 1 1
formal/first_practic/automata/automata.go:55.2,64.40 3 1
formal/first_practic/automata/automata.go:76.2,79.26 3 1
formal/first_practic/automata/automata.go:87.2,90.24 4 1
formal/first_practic/automata/automata.go:93.2,93.21 1 1
formal/first_practic/automata/automata.go:51.19,53.3 1 1
formal/first_practic/automata/automata.go:64.40,74.3 7 1
formal/first_practic/automata/automata.go:80.11,81.35 1 1
formal/first_practic/automata/automata.go:82.11,83.37 1 1
formal/first_practic/automata/automata.go:84.11,85.23 1 1
formal/first_practic/automata/automata.go:90.24,92.3 1 1
formal/first_practic/automata/automata.go:96.51,99.2 2 1
formal/first_practic/automata/automata.go:101.28,106.39 4 1
formal/first_practic/automata/automata.go:111.2,112.36 2 1
formal/first_practic/automata/automata.go:106.39,109.3 2 1
formal/first_practic/automata/automata.go:115.41,118.2 2 1
formal/first_practic/automata/automata.go:120.41,122.2 1 1
formal/first_practic/automata/automata.go:124.43,126.2 1 1
formal/first_practic/automata/automata.go:128.43,131.39 2 1
formal/first_practic/automata/automata.go:135.2,135.36 1 1
formal/first_practic/automata/automata.go:131.39,134.3 2 1
formal/first_practic/automata/node.go:15.22,17.2 1 1
formal/first_practic/automata/node.go:19.63,22.20 2 1
formal/first_practic/automata/node.go:39.2,40.16 2 1
formal/first_practic/automata/node.go:22.20,26.17 3 1
formal/first_practic/automata/node.go:35.3,36.18 2 1
formal/first_practic/automata/node.go:27.13,28.28 1 0
formal/first_practic/automata/node.go:29.14,32.41 3 1
formal/first_practic/automata/node.go:43.98,53.18 2 1
formal/first_practic/automata/node.go:58.2,58.58 1 1
formal/first_practic/automata/node.go:62.2,63.19 2 1
formal/first_practic/automata/node.go:66.2,69.81 2 1
formal/first_practic/automata/node.go:73.2,73.43 1 1
formal/first_practic/automata/node.go:112.2,112.48 1 1
formal/first_practic/automata/node.go:53.18,56.3 2 1
formal/first_practic/automata/node.go:58.58,60.3 1 1
formal/first_practic/automata/node.go:63.19,65.3 1 1
formal/first_practic/automata/node.go:69.81,71.3 1 1
formal/first_practic/automata/node.go:73.43,74.38 1 1
formal/first_practic/automata/node.go:74.38,75.88 1 1
formal/first_practic/automata/node.go:79.4,79.31 1 1
formal/first_practic/automata/node.go:90.4,90.87 1 1
formal/first_practic/automata/node.go:94.4,95.42 2 1
formal/first_practic/automata/node.go:101.4,101.36 1 1
formal/first_practic/automata/node.go:106.4,106.32 1 1
formal/first_practic/automata/node.go:75.88,76.13 1 0
formal/first_practic/automata/node.go:79.31,81.5 1 1
formal/first_practic/automata/node.go:81.10,82.12 1 1
formal/first_practic/automata/node.go:83.26,84.47 1 1
formal/first_practic/automata/node.go:85.26,86.43 1 1
formal/first_practic/automata/node.go:90.87,91.13 1 0
formal/first_practic/automata/node.go:95.42,97.5 1 1
formal/first_practic/automata/node.go:97.10,99.5 1 1
formal/first_practic/automata/node.go:101.36,104.5 2 1
formal/first_practic/automata/node.go:106.32,108.5 1 1
